<?xml version="1.0" encoding="UTF-8" ?>
<testsuite tests="11" failures="0" name="CalculatorTest" time="0.018" errors="0" skipped="0">
  <properties>
[...]
</properties>
  <testcase classname="CalculatorTest" name="calculateQuotient" time="0.007"/>
  <testcase classname="CalculatorTest" name="calculatePower" time="0"/>
  <testcase classname="CalculatorTest" name="piAnde" time="0.002"/>
  <testcase classname="CalculatorTest" name="calculateSums" time="0.001"/>
  <testcase classname="CalculatorTest" name="combinedOperationsWithBrackets" time="0.003"/>
  <testcase classname="CalculatorTest" name="calculatePercent" time="0.001"/>
  <testcase classname="CalculatorTest" name="calculateProduct" time="0.001"/>
  <testcase classname="CalculatorTest" name="binomial" time="0"/>
  <testcase classname="CalculatorTest" name="combinedOperations" time="0.001"/>
  <testcase classname="CalculatorTest" name="calculateFactorial" time="0.001"/>
  <testcase classname="CalculatorTest" name="basicOperations" time="0.001"/>
</testsuite>